::1 - - [26/Nov/2024:16:24:08 +0000] "POST /api/auth/login HTTP/1.1" 401 37 "-" "PostmanRuntime/7.43.0"
::1 - - [26/Nov/2024:16:25:08 +0000] "POST /api/auth/register HTTP/1.1" 401 37 "-" "PostmanRuntime/7.43.0"
::1 - - [26/Nov/2024:16:26:09 +0000] "POST /api/auth/register HTTP/1.1" 401 37 "-" "PostmanRuntime/7.43.0"
::1 - - [26/Nov/2024:16:26:20 +0000] "POST /api/auth/login HTTP/1.1" 401 37 "-" "PostmanRuntime/7.43.0"
::1 - - [26/Nov/2024:16:26:56 +0000] "POST /api/auth/login HTTP/1.1" 401 37 "-" "PostmanRuntime/7.43.0"
::1 - - [26/Nov/2024:16:30:27 +0000] "POST /api/auth/login HTTP/1.1" 401 29 "-" "PostmanRuntime/7.43.0"
::1 - - [26/Nov/2024:16:30:53 +0000] "POST /api/auth/login HTTP/1.1" 401 29 "-" "PostmanRuntime/7.43.0"
::1 - - [26/Nov/2024:16:30:59 +0000] "POST /api/auth/login HTTP/1.1" 401 37 "-" "PostmanRuntime/7.43.0"
::1 - - [26/Nov/2024:16:31:26 +0000] "POST /api/auth/register HTTP/1.1" 401 37 "-" "PostmanRuntime/7.43.0"
::1 - - [26/Nov/2024:16:32:58 +0000] "POST /api/auth/register HTTP/1.1" 401 37 "-" "PostmanRuntime/7.43.0"
::1 - - [26/Nov/2024:16:37:04 +0000] "POST /api/auth/register HTTP/1.1" - - "-" "PostmanRuntime/7.43.0"
::1 - - [26/Nov/2024:16:37:05 +0000] "POST /api/auth/login HTTP/1.1" 404 32 "-" "PostmanRuntime/7.43.0"
::1 - - [26/Nov/2024:16:39:13 +0000] "GET /api/users/profile HTTP/1.1" 401 49 "http://localhost:3006/" "Mozilla/5.0 (Windows NT 10.0; Win64; x64; rv:132.0) Gecko/20100101 Firefox/132.0"
::1 - - [26/Nov/2024:16:39:13 +0000] "GET /api/users/profile HTTP/1.1" 401 49 "http://localhost:3006/" "Mozilla/5.0 (Windows NT 10.0; Win64; x64; rv:132.0) Gecko/20100101 Firefox/132.0"
::1 - - [26/Nov/2024:16:39:13 +0000] "GET /api/ai/get-steps HTTP/1.1" 401 49 "http://localhost:3006/" "Mozilla/5.0 (Windows NT 10.0; Win64; x64; rv:132.0) Gecko/20100101 Firefox/132.0"
::1 - - [26/Nov/2024:16:39:13 +0000] "GET /api/ai/get-steps HTTP/1.1" 401 49 "http://localhost:3006/" "Mozilla/5.0 (Windows NT 10.0; Win64; x64; rv:132.0) Gecko/20100101 Firefox/132.0"
::1 - - [26/Nov/2024:16:39:39 +0000] "POST /api/auth/login HTTP/1.1" 500 39 "http://localhost:3006/login" "Mozilla/5.0 (Windows NT 10.0; Win64; x64; rv:132.0) Gecko/20100101 Firefox/132.0"
::1 - - [26/Nov/2024:16:39:44 +0000] "POST /api/auth/login HTTP/1.1" 500 39 "http://localhost:3006/login" "Mozilla/5.0 (Windows NT 10.0; Win64; x64; rv:132.0) Gecko/20100101 Firefox/132.0"
::1 - - [26/Nov/2024:16:39:48 +0000] "POST /api/auth/login HTTP/1.1" 500 39 "http://localhost:3006/login" "Mozilla/5.0 (Windows NT 10.0; Win64; x64; rv:132.0) Gecko/20100101 Firefox/132.0"
::1 - - [26/Nov/2024:16:43:20 +0000] "POST /api/auth/register HTTP/1.1" - - "-" "PostmanRuntime/7.43.0"
::1 - - [26/Nov/2024:16:48:26 +0000] "POST /api/auth/register HTTP/1.1" 400 30 "-" "PostmanRuntime/7.43.0"
::1 - - [26/Nov/2024:16:48:35 +0000] "POST /api/auth/register HTTP/1.1" 500 55 "-" "PostmanRuntime/7.43.0"
::1 - - [26/Nov/2024:16:48:54 +0000] "POST /api/auth/login HTTP/1.1" 404 32 "-" "PostmanRuntime/7.43.0"
::1 - - [26/Nov/2024:16:53:27 +0000] "POST /api/auth/register HTTP/1.1" 400 43 "-" "PostmanRuntime/7.43.0"
::1 - - [26/Nov/2024:16:53:34 +0000] "POST /api/auth/register HTTP/1.1" 500 55 "-" "PostmanRuntime/7.43.0"
::1 - - [26/Nov/2024:16:55:13 +0000] "POST /api/auth/register HTTP/1.1" 500 55 "-" "PostmanRuntime/7.43.0"
::1 - - [26/Nov/2024:16:55:32 +0000] "POST /api/auth/login HTTP/1.1" 404 32 "-" "PostmanRuntime/7.43.0"
::1 - - [26/Nov/2024:17:02:57 +0000] "POST /api/auth/register HTTP/1.1" 400 43 "-" "PostmanRuntime/7.43.0"
::1 - - [26/Nov/2024:17:03:05 +0000] "POST /api/auth/register HTTP/1.1" 500 55 "-" "PostmanRuntime/7.43.0"
::1 - - [27/Nov/2024:16:15:01 +0000] "POST /api/auth/login HTTP/1.1" 404 32 "-" "PostmanRuntime/7.43.0"
::1 - - [28/Nov/2024:09:27:54 +0000] "POST /api/auth/login HTTP/1.1" 404 154 "-" "PostmanRuntime/7.43.0"
::1 - - [28/Nov/2024:09:28:15 +0000] "POST /api/auth/login HTTP/1.1" 404 154 "-" "PostmanRuntime/7.43.0"
::1 - - [28/Nov/2024:09:30:58 +0000] "POST /api/auth/login HTTP/1.1" 200 287 "-" "PostmanRuntime/7.43.0"
::1 - - [28/Nov/2024:09:37:29 +0000] "GET /api/ai/get-steps HTTP/1.1" 404 155 "http://localhost:3000/" "Mozilla/5.0 (Windows NT 10.0; Win64; x64; rv:133.0) Gecko/20100101 Firefox/133.0"
::1 - - [28/Nov/2024:09:37:29 +0000] "GET /api/users/profile HTTP/1.1" 401 49 "http://localhost:3000/" "Mozilla/5.0 (Windows NT 10.0; Win64; x64; rv:133.0) Gecko/20100101 Firefox/133.0"
::1 - - [28/Nov/2024:09:37:29 +0000] "GET /api/users/profile HTTP/1.1" 401 49 "http://localhost:3000/" "Mozilla/5.0 (Windows NT 10.0; Win64; x64; rv:133.0) Gecko/20100101 Firefox/133.0"
::1 - - [28/Nov/2024:09:37:29 +0000] "GET /api/ai/get-steps HTTP/1.1" 404 155 "http://localhost:3000/" "Mozilla/5.0 (Windows NT 10.0; Win64; x64; rv:133.0) Gecko/20100101 Firefox/133.0"
::1 - - [28/Nov/2024:09:37:39 +0000] "POST /api/auth/login HTTP/1.1" 200 287 "-" "PostmanRuntime/7.43.0"
::1 - - [28/Nov/2024:09:38:11 +0000] "POST /api/auth/login HTTP/1.1" 500 31 "http://localhost:3000/login" "Mozilla/5.0 (Windows NT 10.0; Win64; x64; rv:133.0) Gecko/20100101 Firefox/133.0"
::1 - - [28/Nov/2024:09:38:17 +0000] "POST /api/auth/login HTTP/1.1" 500 31 "http://localhost:3000/login" "Mozilla/5.0 (Windows NT 10.0; Win64; x64; rv:133.0) Gecko/20100101 Firefox/133.0"
::1 - - [28/Nov/2024:09:38:18 +0000] "POST /api/auth/login HTTP/1.1" 500 31 "http://localhost:3000/login" "Mozilla/5.0 (Windows NT 10.0; Win64; x64; rv:133.0) Gecko/20100101 Firefox/133.0"
::1 - - [28/Nov/2024:09:38:25 +0000] "GET /api/ai/get-steps HTTP/1.1" 404 155 "http://localhost:3000/" "Mozilla/5.0 (Windows NT 10.0; Win64; x64; rv:133.0) Gecko/20100101 Firefox/133.0"
::1 - - [28/Nov/2024:09:38:25 +0000] "GET /api/ai/get-steps HTTP/1.1" 404 155 "http://localhost:3000/" "Mozilla/5.0 (Windows NT 10.0; Win64; x64; rv:133.0) Gecko/20100101 Firefox/133.0"
::1 - - [28/Nov/2024:09:38:28 +0000] "GET /api/ai/get-steps HTTP/1.1" 404 155 "http://localhost:3000/" "Mozilla/5.0 (Windows NT 10.0; Win64; x64; rv:133.0) Gecko/20100101 Firefox/133.0"
::1 - - [28/Nov/2024:09:38:28 +0000] "GET /api/ai/get-steps HTTP/1.1" 404 155 "http://localhost:3000/" "Mozilla/5.0 (Windows NT 10.0; Win64; x64; rv:133.0) Gecko/20100101 Firefox/133.0"
::1 - - [28/Nov/2024:09:43:33 +0000] "POST /api/auth/login HTTP/1.1" 200 287 "-" "PostmanRuntime/7.43.0"
::1 - - [28/Nov/2024:09:43:51 +0000] "POST /api/auth/login HTTP/1.1" 500 31 "http://localhost:3000/login" "Mozilla/5.0 (Windows NT 10.0; Win64; x64; rv:133.0) Gecko/20100101 Firefox/133.0"
::1 - - [28/Nov/2024:09:53:39 +0000] "POST //api/auth/login?= HTTP/1.1" 404 155 "-" "PostmanRuntime/7.43.0"
::1 - - [28/Nov/2024:09:53:52 +0000] "POST //api/auth/login HTTP/1.1" 404 155 "-" "PostmanRuntime/7.43.0"
::1 - - [28/Nov/2024:09:53:57 +0000] "POST /api/auth/login HTTP/1.1" 200 287 "-" "PostmanRuntime/7.43.0"
::1 - - [28/Nov/2024:09:54:43 +0000] "POST /api/ai/define-steps HTTP/1.1" 404 159 "-" "PostmanRuntime/7.43.0"
::1 - - [28/Nov/2024:09:58:32 +0000] "POST /api/auth/login HTTP/1.1" 404 154 "-" "PostmanRuntime/7.43.0"
::1 - - [28/Nov/2024:09:58:58 +0000] "POST /api/auth/login HTTP/1.1" 404 154 "-" "PostmanRuntime/7.43.0"
::1 - - [28/Nov/2024:09:59:21 +0000] "POST /api/auth/login HTTP/1.1" 404 154 "-" "PostmanRuntime/7.43.0"
::1 - - [28/Nov/2024:10:02:26 +0000] "POST /api/auth/login HTTP/1.1" 404 154 "-" "PostmanRuntime/7.43.0"
::1 - - [28/Nov/2024:10:03:10 +0000] "POST /api/auth/login HTTP/1.1" 200 287 "-" "PostmanRuntime/7.43.0"
::1 - - [28/Nov/2024:10:03:22 +0000] "POST /api/ai/define-steps HTTP/1.1" 404 159 "-" "PostmanRuntime/7.43.0"
::1 - - [28/Nov/2024:10:06:57 +0000] "POST /api/ai/define-steps HTTP/1.1" 404 159 "-" "PostmanRuntime/7.43.0"
::1 - - [28/Nov/2024:10:07:45 +0000] "POST /api/auth/login HTTP/1.1" 200 287 "-" "PostmanRuntime/7.43.0"
::1 - - [28/Nov/2024:10:07:57 +0000] "POST /api/ai/define-steps HTTP/1.1" 404 159 "-" "PostmanRuntime/7.43.0"
::1 - - [28/Nov/2024:10:09:03 +0000] "POST /api/ai/define-steps HTTP/1.1" 404 159 "-" "PostmanRuntime/7.43.0"
::1 - - [28/Nov/2024:10:09:14 +0000] "POST /api/auth/login HTTP/1.1" 200 287 "-" "PostmanRuntime/7.43.0"
::1 - - [28/Nov/2024:10:11:53 +0000] "POST /api/auth/login HTTP/1.1" 200 287 "-" "PostmanRuntime/7.43.0"
::1 - - [28/Nov/2024:10:12:35 +0000] "POST /api/ai/define-steps HTTP/1.1" 200 3290 "-" "PostmanRuntime/7.43.0"
::1 - - [28/Nov/2024:10:36:23 +0000] "POST /api/auth/login HTTP/1.1" 200 287 "-" "PostmanRuntime/7.43.0"
::1 - - [28/Nov/2024:10:37:19 +0000] "POST /api/ai/define-steps HTTP/1.1" 200 4375 "-" "PostmanRuntime/7.43.0"
::1 - - [28/Nov/2024:10:38:29 +0000] "GET /api/users/profile HTTP/1.1" 401 45 "http://localhost:3001/" "Mozilla/5.0 (Windows NT 10.0; Win64; x64; rv:133.0) Gecko/20100101 Firefox/133.0"
::1 - - [28/Nov/2024:10:38:29 +0000] "GET /api/users/profile HTTP/1.1" 401 45 "http://localhost:3001/" "Mozilla/5.0 (Windows NT 10.0; Win64; x64; rv:133.0) Gecko/20100101 Firefox/133.0"
::1 - - [28/Nov/2024:10:38:44 +0000] "POST /api/auth/login HTTP/1.1" 500 31 "http://localhost:3001/login" "Mozilla/5.0 (Windows NT 10.0; Win64; x64; rv:133.0) Gecko/20100101 Firefox/133.0"
::1 - - [28/Nov/2024:10:38:48 +0000] "POST /api/auth/login HTTP/1.1" 500 31 "http://localhost:3001/login" "Mozilla/5.0 (Windows NT 10.0; Win64; x64; rv:133.0) Gecko/20100101 Firefox/133.0"
::1 - - [28/Nov/2024:10:39:08 +0000] "POST /api/auth/login HTTP/1.1" 500 31 "http://localhost:3001/login" "Mozilla/5.0 (Windows NT 10.0; Win64; x64; rv:133.0) Gecko/20100101 Firefox/133.0"
::1 - - [28/Nov/2024:10:40:47 +0000] "POST /api/auth/login HTTP/1.1" 500 31 "http://localhost:3001/login" "Mozilla/5.0 (Windows NT 10.0; Win64; x64; rv:133.0) Gecko/20100101 Firefox/133.0"
